[backblue.gif]
[fade.gif]
[index.html]
[themes.3rdwavemedia.com/devcard/bs4/favicon.ico]
[themes.3rdwavemedia.com/devcard/bs4/assets/fontawesome/js/all.js]
[themes.3rdwavemedia.com/devcard/bs4/assets/images/profile.png]
[themes.3rdwavemedia.com/devcard/bs4/assets/images/profile-lg.jpg]
[themes.3rdwavemedia.com/devcard/bs4/assets/images/clients/profile-1.png]
[themes.3rdwavemedia.com/devcard/bs4/assets/images/clients/profile-2.png]
[themes.3rdwavemedia.com/devcard/bs4/assets/images/clients/profile-3.png]
[themes.3rdwavemedia.com/devcard/bs4/assets/images/clients/profile-4.png]
[themes.3rdwavemedia.com/devcard/bs4/assets/images/clients/profile-5.png]
[themes.3rdwavemedia.com/devcard/bs4/assets/images/clients/profile-6.png]
[themes.3rdwavemedia.com/devcard/bs4/assets/images/project/project-1.jpg]
[themes.3rdwavemedia.com/devcard/bs4/assets/images/project/project-2.jpg]
[themes.3rdwavemedia.com/devcard/bs4/assets/images/project/project-3.jpg]
[themes.3rdwavemedia.com/devcard/bs4/assets/images/project/project-4.jpg]
[themes.3rdwavemedia.com/devcard/bs4/assets/images/blog/blog-post-thumb-card-1.jpg]
[themes.3rdwavemedia.com/devcard/bs4/assets/images/blog/blog-post-thumb-card-2.jpg]
[themes.3rdwavemedia.com/devcard/bs4/assets/images/blog/blog-post-thumb-card-3.jpg]
[themes.3rdwavemedia.com/devcard/bs4/assets/plugins/jquery-3.4.1.min.js]
[themes.3rdwavemedia.com/devcard/bs4/assets/plugins/popper.min.js]
[themes.3rdwavemedia.com/devcard/bs4/assets/plugins/bootstrap/js/bootstrap.min.js]
[themes.3rdwavemedia.com/devcard/bs4/assets/plugins/tiny-slider/min/tiny-slider.js]
[themes.3rdwavemedia.com/devcard/bs4/assets/js/testimonials.js]
[themes.3rdwavemedia.com/devcard/bs4/assets/js/demo/style-switcher.js]
[themes.3rdwavemedia.com/devcard/bs4/assets/plugins/js-cookie.min.js]
[themes.3rdwavemedia.com/devcard/bs4/assets/js/dark-mode.js]
[themes.3rdwavemedia.com/devcard/bs4/index.html]
[themes.3rdwavemedia.com/devcard/bs4/assets/plugins/tiny-slider/tiny-slider.css]
[themes.3rdwavemedia.com/devcard/bs4/assets/css/theme-1.css]
[themes.3rdwavemedia.com/devcard/bs4/index-2.html]
[themes.3rdwavemedia.com/devcard/bs4/assets/images/project/project-5.jpg]
[themes.3rdwavemedia.com/devcard/bs4/assets/images/project/project-6.jpg]
[themes.3rdwavemedia.com/devcard/bs4/assets/images/project/project-7.jpg]
[themes.3rdwavemedia.com/devcard/bs4/assets/images/project/project-8.jpg]
[themes.3rdwavemedia.com/devcard/bs4/assets/plugins/imagesloaded.pkgd.min.js]
[themes.3rdwavemedia.com/devcard/bs4/assets/plugins/isotope.pkgd.min.js]
[themes.3rdwavemedia.com/devcard/bs4/assets/js/isotope-custom.js]
[themes.3rdwavemedia.com/devcard/bs4/portfolio.html]
[themes.3rdwavemedia.com/devcard/bs4/assets/js/pricing.js]
[themes.3rdwavemedia.com/devcard/bs4/services.html]
[themes.3rdwavemedia.com/devcard/bs4/assets/images/resume-profile.png]
[themes.3rdwavemedia.com/devcard/bs4/resume.html]
[themes.3rdwavemedia.com/devcard/bs4/assets/images/blog/blog-post-thumb-card-4.jpg]
[themes.3rdwavemedia.com/devcard/bs4/assets/images/blog/blog-post-thumb-card-5.jpg]
[themes.3rdwavemedia.com/devcard/bs4/assets/images/blog/blog-post-thumb-card-6.jpg]
[themes.3rdwavemedia.com/devcard/bs4/blog-home.html]
[themes.3rdwavemedia.com/devcard/bs4/assets/plugins/jquery-validation/jquery.validate.min.js]
[themes.3rdwavemedia.com/devcard/bs4/assets/js/form.js]
[themes.3rdwavemedia.com/devcard/bs4/contact.html]
[themes.3rdwavemedia.com/devcard/bs4/assets/images/project/project-figure-1.jpg]
[themes.3rdwavemedia.com/devcard/bs4/assets/images/project/project-figure-2.jpg]
[themes.3rdwavemedia.com/devcard/bs4/project.html]
[themes.3rdwavemedia.com/devcard/bs4/assets/images/blog/blog-post-thumb-1.jpg]
[themes.3rdwavemedia.com/devcard/bs4/assets/images/blog/blog-post-thumb-2.jpg]
[themes.3rdwavemedia.com/devcard/bs4/assets/images/blog/blog-post-thumb-3.jpg]
[themes.3rdwavemedia.com/devcard/bs4/assets/images/blog/blog-post-thumb-4.jpg]
[themes.3rdwavemedia.com/devcard/bs4/assets/images/blog/blog-post-thumb-5.jpg]
[themes.3rdwavemedia.com/devcard/bs4/assets/images/blog/blog-post-thumb-6.jpg]
[themes.3rdwavemedia.com/devcard/bs4/blog-home-alt.html]
[themes.3rdwavemedia.com/devcard/bs4/assets/images/blog/blog-post-banner.jpg]
[themes.3rdwavemedia.com/devcard/bs4/assets/images/promo-banner.jpg]
[themes.3rdwavemedia.com/devcard/bs4/assets/js/blog.js]
[themes.3rdwavemedia.com/devcard/bs4/blog-post.html]
[themes.3rdwavemedia.com/devcard/bs4/projects.html]
[themes.3rdwavemedia.com/devcard/bs4/assets/plugins/highlight/styles/monokai-sublime.css]
